Performing C SOURCE FILE Test CMAKE_HAVE_LIBC_PTHREAD failed with the following output:
Change Dir: /home/rsh/FastestDet_NCNN-master/build/CMakeFiles/CMakeTmp

Run Build Command(s):/usr/bin/make cmTC_6d37c/fast && /usr/bin/make -f CMakeFiles/cmTC_6d37c.dir/build.make CMakeFiles/cmTC_6d37c.dir/build
make[1]: Entering directory '/home/rsh/FastestDet_NCNN-master/build/CMakeFiles/CMakeTmp'
Building C object CMakeFiles/cmTC_6d37c.dir/src.c.o
/usr/local/arm/gcc-linaro-4.9.4-2017.01-x86_64_arm-linux-gnueabihf/bin/arm-linux-gnueabihf-gcc   -DCMAKE_HAVE_LIBC_PTHREAD   -o CMakeFiles/cmTC_6d37c.dir/src.c.o   -c /home/rsh/FastestDet_NCNN-master/build/CMakeFiles/CMakeTmp/src.c
Linking C executable cmTC_6d37c
/usr/bin/cmake -E cmake_link_script CMakeFiles/cmTC_6d37c.dir/link.txt --verbose=1
/usr/local/arm/gcc-linaro-4.9.4-2017.01-x86_64_arm-linux-gnueabihf/bin/arm-linux-gnueabihf-gcc  -DCMAKE_HAVE_LIBC_PTHREAD    -rdynamic CMakeFiles/cmTC_6d37c.dir/src.c.o  -o cmTC_6d37c 
CMakeFiles/cmTC_6d37c.dir/src.c.o: In function `main':
src.c:(.text+0x2c): undefined reference to `pthread_create'
src.c:(.text+0x34): undefined reference to `pthread_detach'
src.c:(.text+0x3e): undefined reference to `pthread_join'
src.c:(.text+0x48): undefined reference to `pthread_atfork'
collect2: error: ld returned 1 exit status
make[1]: *** [CMakeFiles/cmTC_6d37c.dir/build.make:87: cmTC_6d37c] Error 1
make[1]: Leaving directory '/home/rsh/FastestDet_NCNN-master/build/CMakeFiles/CMakeTmp'
make: *** [Makefile:121: cmTC_6d37c/fast] Error 2


Source file was:
#include <pthread.h>

void* test_func(void* data)
{
  return data;
}

int main(void)
{
  pthread_t thread;
  pthread_create(&thread, NULL, test_func, NULL);
  pthread_detach(thread);
  pthread_join(thread, NULL);
  pthread_atfork(NULL, NULL, NULL);
  pthread_exit(NULL);

  return 0;
}

Determining if the function pthread_create exists in the pthreads failed with the following output:
Change Dir: /home/rsh/FastestDet_NCNN-master/build/CMakeFiles/CMakeTmp

Run Build Command(s):/usr/bin/make cmTC_3140f/fast && /usr/bin/make -f CMakeFiles/cmTC_3140f.dir/build.make CMakeFiles/cmTC_3140f.dir/build
make[1]: Entering directory '/home/rsh/FastestDet_NCNN-master/build/CMakeFiles/CMakeTmp'
Building C object CMakeFiles/cmTC_3140f.dir/CheckFunctionExists.c.o
/usr/local/arm/gcc-linaro-4.9.4-2017.01-x86_64_arm-linux-gnueabihf/bin/arm-linux-gnueabihf-gcc   -DCHECK_FUNCTION_EXISTS=pthread_create   -o CMakeFiles/cmTC_3140f.dir/CheckFunctionExists.c.o   -c /usr/share/cmake-3.16/Modules/CheckFunctionExists.c
Linking C executable cmTC_3140f
/usr/bin/cmake -E cmake_link_script CMakeFiles/cmTC_3140f.dir/link.txt --verbose=1
/usr/local/arm/gcc-linaro-4.9.4-2017.01-x86_64_arm-linux-gnueabihf/bin/arm-linux-gnueabihf-gcc  -DCHECK_FUNCTION_EXISTS=pthread_create    -rdynamic CMakeFiles/cmTC_3140f.dir/CheckFunctionExists.c.o  -o cmTC_3140f  -lpthreads 
/usr/local/arm/gcc-linaro-4.9.4-2017.01-x86_64_arm-linux-gnueabihf/bin/../lib/gcc/arm-linux-gnueabihf/4.9.4/../../../../arm-linux-gnueabihf/bin/ld: cannot find -lpthreads
collect2: error: ld returned 1 exit status
make[1]: *** [CMakeFiles/cmTC_3140f.dir/build.make:87: cmTC_3140f] Error 1
make[1]: Leaving directory '/home/rsh/FastestDet_NCNN-master/build/CMakeFiles/CMakeTmp'
make: *** [Makefile:121: cmTC_3140f/fast] Error 2



